# JRE version: OpenJDK Runtime Environment Temurin-21.0.8+9 (21.0.8+9) (build 21.0.8+9-LTS)
# Java VM: OpenJDK 64-Bit Server VM Temurin-21.0.8+9 (21.0.8+9-LTS, mixed mode, sharing, tiered, compressed oops, compressed class ptrs, g1 gc, windows-amd64)
GC Precious Log:
 CardTable entry size: 512
 Card Set container configuration: InlinePtr #cards 5 size 8 Array Of Cards #cards 12 size 40 Howl #buckets 4 coarsen threshold 1843 Howl Bitmap #cards 512 size 80 coarsen threshold 460 Card regions per heap region 1 cards per card region 2048
 CPUs: 8 total, 8 available
 Memory: 8033M
 Large Page Support: Disabled
 NUMA Support: Disabled
 Compressed Oops: Enabled (32-bit)
 Heap Region Size: 1M
 Heap Min Capacity: 8M
 Heap Initial Capacity: 126M
 Heap Max Capacity: 2010M
 Pre-touch: Disabled
 Parallel Workers: 8
 Concurrent Workers: 2
 Concurrent Refinement Workers: 8
 Periodic GC: Disabled
Heap:
 garbage-first heap   total 76800K, used 58822K [0x0000000082600000, 0x0000000100000000)
  region size 1024K, 21 young (21504K), 2 survivors (2048K)
 Metaspace       used 31808K, committed 32128K, reserved 1114112K
  class space    used 3605K, committed 3776K, reserved 1048576K
GC Heap History (20 events):
Event: 0.930 GC heap before
{Heap before GC invocations=0 (full 0):
 garbage-first heap   total 129024K, used 22528K [0x0000000082600000, 0x0000000100000000)
  region size 1024K, 23 young (23552K), 0 survivors (0K)
 Metaspace       used 7482K, committed 7616K, reserved 1114112K
  class space    used 868K, committed 960K, reserved 1048576K
}
Event: 0.939 GC heap after
{Heap after GC invocations=1 (full 0):
 garbage-first heap   total 129024K, used 4351K [0x0000000082600000, 0x0000000100000000)
  region size 1024K, 3 young (3072K), 3 survivors (3072K)
 Metaspace       used 7482K, committed 7616K, reserved 1114112K
  class space    used 868K, committed 960K, reserved 1048576K
}
Event: 1.588 GC heap before
{Heap before GC invocations=1 (full 0):
 garbage-first heap   total 129024K, used 34047K [0x0000000082600000, 0x0000000100000000)
  region size 1024K, 32 young (32768K), 3 survivors (3072K)
 Metaspace       used 11327K, committed 11520K, reserved 1114112K
  class space    used 1346K, committed 1472K, reserved 1048576K
}
Event: 1.595 GC heap after
{Heap after GC invocations=2 (full 0):
 garbage-first heap   total 129024K, used 6247K [0x0000000082600000, 0x0000000100000000)
  region size 1024K, 2 young (2048K), 2 survivors (2048K)
 Metaspace       used 11327K, committed 11520K, reserved 1114112K
  class space    used 1346K, committed 1472K, reserved 1048576K
}
Event: 3.411 GC heap before
{Heap before GC invocations=2 (full 0):
 garbage-first heap   total 129024K, used 80999K [0x0000000082600000, 0x0000000100000000)
  region size 1024K, 75 young (76800K), 2 survivors (2048K)
 Metaspace       used 17878K, committed 18112K, reserved 1114112K
  class space    used 2081K, committed 2176K, reserved 1048576K
}
Event: 3.423 GC heap after
{Heap after GC invocations=3 (full 0):
 garbage-first heap   total 129024K, used 11721K [0x0000000082600000, 0x0000000100000000)
  region size 1024K, 7 young (7168K), 7 survivors (7168K)
 Metaspace       used 17878K, committed 18112K, reserved 1114112K
  class space    used 2081K, committed 2176K, reserved 1048576K
}
Event: 7.320 GC heap before
{Heap before GC invocations=3 (full 0):
 garbage-first heap   total 129024K, used 44489K [0x0000000082600000, 0x0000000100000000)
  region size 1024K, 40 young (40960K), 7 survivors (7168K)
 Metaspace       used 21201K, committed 21504K, reserved 1114112K
  class space    used 2444K, committed 2624K, reserved 1048576K
}
Event: 7.332 GC heap after
{Heap after GC invocations=4 (full 0):
 garbage-first heap   total 129024K, used 13953K [0x0000000082600000, 0x0000000100000000)
  region size 1024K, 3 young (3072K), 3 survivors (3072K)
 Metaspace       used 21201K, committed 21504K, reserved 1114112K
  class space    used 2444K, committed 2624K, reserved 1048576K
}
Event: 7.868 GC heap before
{Heap before GC invocations=5 (full 0):
 garbage-first heap   total 51200K, used 48769K [0x0000000082600000, 0x0000000100000000)
  region size 1024K, 36 young (36864K), 3 survivors (3072K)
 Metaspace       used 26896K, committed 27200K, reserved 1114112K
  class space    used 3100K, committed 3264K, reserved 1048576K
}
Event: 7.874 GC heap after
{Heap after GC invocations=6 (full 0):
 garbage-first heap   total 59392K, used 20020K [0x0000000082600000, 0x0000000100000000)
  region size 1024K, 8 young (8192K), 8 survivors (8192K)
 Metaspace       used 26896K, committed 27200K, reserved 1114112K
  class space    used 3100K, committed 3264K, reserved 1048576K
}
Event: 8.213 GC heap before
{Heap before GC invocations=6 (full 0):
 garbage-first heap   total 59392K, used 46644K [0x0000000082600000, 0x0000000100000000)
  region size 1024K, 33 young (33792K), 8 survivors (8192K)
 Metaspace       used 27446K, committed 27712K, reserved 1114112K
  class space    used 3144K, committed 3264K, reserved 1048576K
}
Event: 8.230 GC heap after
{Heap after GC invocations=7 (full 0):
 garbage-first heap   total 63488K, used 28667K [0x0000000082600000, 0x0000000100000000)
  region size 1024K, 5 young (5120K), 5 survivors (5120K)
 Metaspace       used 27446K, committed 27712K, reserved 1114112K
  class space    used 3144K, committed 3264K, reserved 1048576K
}
Event: 8.483 GC heap before
{Heap before GC invocations=7 (full 0):
 garbage-first heap   total 63488K, used 49147K [0x0000000082600000, 0x0000000100000000)
  region size 1024K, 25 young (25600K), 5 survivors (5120K)
 Metaspace       used 27943K, committed 28224K, reserved 1114112K
  class space    used 3204K, committed 3328K, reserved 1048576K
}
Event: 8.492 GC heap after
{Heap after GC invocations=8 (full 0):
 garbage-first heap   total 63488K, used 34304K [0x0000000082600000, 0x0000000100000000)
  region size 1024K, 4 young (4096K), 4 survivors (4096K)
 Metaspace       used 27943K, committed 28224K, reserved 1114112K
  class space    used 3204K, committed 3328K, reserved 1048576K
}
Event: 8.695 GC heap before
{Heap before GC invocations=8 (full 0):
 garbage-first heap   total 63488K, used 49664K [0x0000000082600000, 0x0000000100000000)
  region size 1024K, 20 young (20480K), 4 survivors (4096K)
 Metaspace       used 28241K, committed 28480K, reserved 1114112K
  class space    used 3219K, committed 3328K, reserved 1048576K
}
Event: 8.708 GC heap after
{Heap after GC invocations=9 (full 0):
 garbage-first heap   total 76800K, used 38808K [0x0000000082600000, 0x0000000100000000)
  region size 1024K, 3 young (3072K), 3 survivors (3072K)
 Metaspace       used 28241K, committed 28480K, reserved 1114112K
  class space    used 3219K, committed 3328K, reserved 1048576K
}
Event: 9.278 GC heap before
{Heap before GC invocations=10 (full 0):
 garbage-first heap   total 76800K, used 60312K [0x0000000082600000, 0x0000000100000000)
  region size 1024K, 25 young (25600K), 3 survivors (3072K)
 Metaspace       used 29708K, committed 30080K, reserved 1114112K
  class space    used 3390K, committed 3584K, reserved 1048576K
}
Event: 9.285 GC heap after
{Heap after GC invocations=11 (full 0):
 garbage-first heap   total 76800K, used 40720K [0x0000000082600000, 0x0000000100000000)
  region size 1024K, 2 young (2048K), 2 survivors (2048K)
 Metaspace       used 29708K, committed 30080K, reserved 1114112K
  class space    used 3390K, committed 3584K, reserved 1048576K
}
Event: 9.599 GC heap before
{Heap before GC invocations=11 (full 0):
 garbage-first heap   total 76800K, used 63248K [0x0000000082600000, 0x0000000100000000)
  region size 1024K, 24 young (24576K), 2 survivors (2048K)
 Metaspace       used 30445K, committed 30784K, reserved 1114112K
  class space    used 3450K, committed 3648K, reserved 1048576K
}
Event: 9.603 GC heap after
{Heap after GC invocations=12 (full 0):
 garbage-first heap   total 76800K, used 40390K [0x0000000082600000, 0x0000000100000000)
  region size 1024K, 2 young (2048K), 2 survivors (2048K)
 Metaspace       used 30445K, committed 30784K, reserved 1114112K
  class space    used 3450K, committed 3648K, reserved 1048576K
}

