<?xml version="1.0" encoding="UTF-8"?>
<testng-results ignored="0" total="2" passed="1" failed="1" skipped="0">
  <reporter-output>
  </reporter-output>
  <suite started-at="2026-05-09T11:37:04 IST" name="Automation practice" finished-at="2026-05-09T11:38:21 IST" duration-ms="77053">
    <groups>
      <group name="e3e">
        <method signature="LoginTest.loginTest(com.ui.pojo.User)[pri:0, instance:com.ui.tests.LoginTest@4218d6a3]" name="loginTest" class="com.ui.tests.LoginTest"/>
      </group> <!-- e3e -->
      <group name="sanity">
        <method signature="LoginTest.loginTest(com.ui.pojo.User)[pri:0, instance:com.ui.tests.LoginTest@4218d6a3]" name="loginTest" class="com.ui.tests.LoginTest"/>
      </group> <!-- sanity -->
    </groups>
    <test started-at="2026-05-09T11:37:04 IST" name="UI Automation test" finished-at="2026-05-09T11:38:21 IST" duration-ms="77053">
      <class name="com.ui.tests.LoginTest">
        <test-method is-config="true" signature="setup(java.lang.String,boolean,boolean,org.testng.ITestResult)[pri:0, instance:com.ui.tests.LoginTest@4218d6a3]" started-at="2026-05-09T11:37:04 IST" name="setup" description="load the HomePage of the website" finished-at="2026-05-09T11:37:39 IST" duration-ms="34195" status="PASS">
          <params>
            <param index="0">
              <value>
                <![CDATA[chrome]]>
              </value>
            </param>
            <param index="1">
              <value>
                <![CDATA[true]]>
              </value>
            </param>
            <param index="2">
              <value>
                <![CDATA[false]]>
              </value>
            </param>
            <param index="3">
              <value>
                <![CDATA[[TestResult name={null} status=CREATED method=LoginTest.loginTest(com.ui.pojo.User)[pri:0, instance:com.ui.tests.LoginTest@4218d6a3] output={null}]]]>
              </value>
            </param>
          </params>
          <reporter-output>
          </reporter-output>
        </test-method> <!-- setup -->
        <test-method signature="loginTest(com.ui.pojo.User)[pri:0, instance:com.ui.tests.LoginTest@4218d6a3]" started-at="2026-05-09T11:37:39 IST" name="loginTest" description="Verifies with the valid user is able to login into the application" data-provider="LoginTestDataProvider" finished-at="2026-05-09T11:37:52 IST" duration-ms="13063" status="FAIL">
          <params>
            <param index="0">
              <value>
                <![CDATA[User [emailAddress=gogab2hhhh3467@soppat.com, password=password]]]>
              </value>
            </param>
          </params>
          <exception class="org.openqa.selenium.TimeoutException">
            <message>
              <![CDATA[Expected condition failed: waiting for visibility of element found by By.xpath: //a[@title='View my customer account']/span, but... org.openqa.selenium.NoSuchElementException: no such element: Unable to locate element: {"method":"xpath","selector":"//a[@title='View my customer account']/span"}.
(tried for 10 seconds with 500 milliseconds interval)
Build info: version: '4.43.0', revision: 'dd0f534'
System info: os.name: 'Windows 11', os.arch: 'amd64', os.version: '10.0', java.version: '21.0.8'
Driver info: org.openqa.selenium.remote.RemoteWebDriver
Capabilities {acceptInsecureCerts: false, browserName: chrome, browserVersion: 147.0.7727.138, chrome: {chromedriverVersion: 147.0.7727.138 (022a5605792..., userDataDir: C:\Program Files (x86)\scop...}, fedcm:accounts: true, goog:chromeOptions: {debuggerAddress: localhost:9225}, goog:processID: 2328, networkConnectionEnabled: false, pageLoadStrategy: normal, platformName: Windows XP, proxy: Proxy(), se:bidiEnabled: false, se:cdp: wss://cdp-mumbai.lambdatest..., se:cdpVersion: 147.0.7727.138, setWindowRect: true, strictFileInteractability: false, timeouts: {implicit: 0, pageLoad: 300000, script: 30000}, unhandledPromptBehavior: dismiss and notify, webauthn:extension:credBlob: true, webauthn:extension:largeBlob: true, webauthn:extension:minPinLength: true, webauthn:extension:prf: true, webauthn:virtualAuthenticators: true}
Session ID: 6d03bb2c763f4cef13f38be22081ada7]]>
            </message>
            <full-stacktrace>
              <![CDATA[org.openqa.selenium.TimeoutException: Expected condition failed: waiting for visibility of element found by By.xpath: //a[@title='View my customer account']/span, but... org.openqa.selenium.NoSuchElementException: no such element: Unable to locate element: {"method":"xpath","selector":"//a[@title='View my customer account']/span"}.
(tried for 10 seconds with 500 milliseconds interval)
Build info: version: '4.43.0', revision: 'dd0f534'
System info: os.name: 'Windows 11', os.arch: 'amd64', os.version: '10.0', java.version: '21.0.8'
Driver info: org.openqa.selenium.remote.RemoteWebDriver
Capabilities {acceptInsecureCerts: false, browserName: chrome, browserVersion: 147.0.7727.138, chrome: {chromedriverVersion: 147.0.7727.138 (022a5605792..., userDataDir: C:\Program Files (x86)\scop...}, fedcm:accounts: true, goog:chromeOptions: {debuggerAddress: localhost:9225}, goog:processID: 2328, networkConnectionEnabled: false, pageLoadStrategy: normal, platformName: Windows XP, proxy: Proxy(), se:bidiEnabled: false, se:cdp: wss://cdp-mumbai.lambdatest..., se:cdpVersion: 147.0.7727.138, setWindowRect: true, strictFileInteractability: false, timeouts: {implicit: 0, pageLoad: 300000, script: 30000}, unhandledPromptBehavior: dismiss and notify, webauthn:extension:credBlob: true, webauthn:extension:largeBlob: true, webauthn:extension:minPinLength: true, webauthn:extension:prf: true, webauthn:virtualAuthenticators: true}
Session ID: 6d03bb2c763f4cef13f38be22081ada7
at org.openqa.selenium.support.ui.WebDriverWait.timeoutException(WebDriverWait.java:85)
at org.openqa.selenium.support.ui.FluentWait.until(FluentWait.java:234)
at com.ui.pages.MyAccountPage.getUserName(MyAccountPage.java:25)
at com.ui.tests.LoginTest.loginTest(LoginTest.java:31)
at java.base/jdk.internal.reflect.DirectMethodHandleAccessor.invoke(DirectMethodHandleAccessor.java:103)
at java.base/java.lang.reflect.Method.invoke(Method.java:580)
at org.testng.internal.invokers.MethodInvocationHelper.invokeMethod(MethodInvocationHelper.java:141)
at org.testng.internal.invokers.TestInvoker.invokeMethod(TestInvoker.java:686)
at org.testng.internal.invokers.TestInvoker.invokeTestMethod(TestInvoker.java:230)
at org.testng.internal.invokers.MethodRunner.runInSequence(MethodRunner.java:63)
at org.testng.internal.invokers.TestInvoker$MethodInvocationAgent.invoke(TestInvoker.java:992)
at org.testng.internal.invokers.TestInvoker.invokeTestMethods(TestInvoker.java:203)
at org.testng.internal.invokers.TestMethodWorker.invokeTestMethods(TestMethodWorker.java:154)
at org.testng.internal.invokers.TestMethodWorker.run(TestMethodWorker.java:134)
at java.base/java.util.concurrent.Executors$RunnableAdapter.call(Executors.java:572)
at java.base/java.util.concurrent.FutureTask.run(FutureTask.java:317)
at org.testng.internal.thread.graph.TestNGFutureTask.run(TestNGFutureTask.java:22)
at java.base/java.util.concurrent.ThreadPoolExecutor.runWorker(ThreadPoolExecutor.java:1144)
at java.base/java.util.concurrent.ThreadPoolExecutor$Worker.run(ThreadPoolExecutor.java:642)
at java.base/java.lang.Thread.run(Thread.java:1583)
]]>
            </full-stacktrace>
          </exception> <!-- org.openqa.selenium.TimeoutException -->
          <reporter-output>
          </reporter-output>
        </test-method> <!-- loginTest -->
        <test-method is-config="true" signature="tearDown()[pri:0, instance:com.ui.tests.LoginTest@4218d6a3]" started-at="2026-05-09T11:37:52 IST" name="tearDown" description="Tear Down the browser" finished-at="2026-05-09T11:37:53 IST" duration-ms="536" status="PASS">
          <reporter-output>
          </reporter-output>
        </test-method> <!-- tearDown -->
        <test-method is-config="true" signature="setup(java.lang.String,boolean,boolean,org.testng.ITestResult)[pri:0, instance:com.ui.tests.LoginTest@4218d6a3]" started-at="2026-05-09T11:37:53 IST" name="setup" description="load the HomePage of the website" finished-at="2026-05-09T11:38:17 IST" duration-ms="24718" status="PASS">
          <params>
            <param index="0">
              <value>
                <![CDATA[chrome]]>
              </value>
            </param>
            <param index="1">
              <value>
                <![CDATA[true]]>
              </value>
            </param>
            <param index="2">
              <value>
                <![CDATA[false]]>
              </value>
            </param>
            <param index="3">
              <value>
                <![CDATA[[TestResult name={null} status=CREATED method=LoginTest.loginTest(com.ui.pojo.User)[pri:0, instance:com.ui.tests.LoginTest@4218d6a3] output={null}]]]>
              </value>
            </param>
          </params>
          <reporter-output>
          </reporter-output>
        </test-method> <!-- setup -->
        <test-method signature="loginTest(com.ui.pojo.User)[pri:0, instance:com.ui.tests.LoginTest@4218d6a3]" started-at="2026-05-09T11:38:17 IST" name="loginTest" description="Verifies with the valid user is able to login into the application" data-provider="LoginTestDataProvider" finished-at="2026-05-09T11:38:20 IST" duration-ms="2757" status="PASS">
          <params>
            <param index="0">
              <value>
                <![CDATA[User [emailAddress=gogab23467@soppat.com, password=password]]]>
              </value>
            </param>
          </params>
          <reporter-output>
          </reporter-output>
        </test-method> <!-- loginTest -->
        <test-method is-config="true" signature="tearDown()[pri:0, instance:com.ui.tests.LoginTest@4218d6a3]" started-at="2026-05-09T11:38:20 IST" name="tearDown" description="Tear Down the browser" finished-at="2026-05-09T11:38:21 IST" duration-ms="765" status="PASS">
          <reporter-output>
          </reporter-output>
        </test-method> <!-- tearDown -->
      </class> <!-- com.ui.tests.LoginTest -->
    </test> <!-- UI Automation test -->
  </suite> <!-- Automation practice -->
</testng-results>
